{"/workspaces/venhaparaleds-lowcode/backend/index.js": {"path":"/workspaces/venhaparaleds-lowcode/backend/index.js","statementMap":{"0":{"start":{"line":1,"column":16},"end":{"line":1,"column":34}},"1":{"start":{"line":2,"column":17},"end":{"line":2,"column":30}},"2":{"start":{"line":3,"column":0},"end":{"line":3,"column":27}},"3":{"start":{"line":5,"column":12},"end":{"line":5,"column":21}},"4":{"start":{"line":7,"column":13},"end":{"line":10,"column":2}},"5":{"start":{"line":12,"column":0},"end":{"line":31,"column":3}},"6":{"start":{"line":13,"column":2},"end":{"line":30,"column":3}},"7":{"start":{"line":14,"column":28},"end":{"line":14,"column":37}},"8":{"start":{"line":15,"column":16},"end":{"line":15,"column":43}},"9":{"start":{"line":16,"column":17},"end":{"line":16,"column":19}},"10":{"start":{"line":18,"column":4},"end":{"line":23,"column":5}},"11":{"start":{"line":20,"column":31},"end":{"line":20,"column":72}},"12":{"start":{"line":20,"column":63},"end":{"line":20,"column":71}},"13":{"start":{"line":21,"column":6},"end":{"line":21,"column":53}},"14":{"start":{"line":22,"column":6},"end":{"line":22,"column":36}},"15":{"start":{"line":25,"column":19},"end":{"line":25,"column":50}},"16":{"start":{"line":26,"column":4},"end":{"line":26,"column":38}},"17":{"start":{"line":28,"column":4},"end":{"line":28,"column":54}},"18":{"start":{"line":29,"column":4},"end":{"line":29,"column":66}},"19":{"start":{"line":33,"column":0},"end":{"line":33,"column":21}}},"fnMap":{"0":{"name":"(anonymous_0)","decl":{"start":{"line":12,"column":22},"end":{"line":12,"column":23}},"loc":{"start":{"line":12,"column":42},"end":{"line":31,"column":1}},"line":12},"1":{"name":"(anonymous_1)","decl":{"start":{"line":20,"column":58},"end":{"line":20,"column":59}},"loc":{"start":{"line":20,"column":63},"end":{"line":20,"column":71}},"line":20}},"branchMap":{"0":{"loc":{"start":{"line":9,"column":7},"end":{"line":9,"column":84}},"type":"cond-expr","locations":[{"start":{"line":9,"column":47},"end":{"line":9,"column":76}},{"start":{"line":9,"column":79},"end":{"line":9,"column":84}}],"line":9},"1":{"loc":{"start":{"line":18,"column":4},"end":{"line":23,"column":5}},"type":"if","locations":[{"start":{"line":18,"column":4},"end":{"line":23,"column":5}},{"start":{},"end":{}}],"line":18}},"s":{"0":1,"1":1,"2":1,"3":1,"4":1,"5":1,"6":1,"7":1,"8":1,"9":1,"10":1,"11":0,"12":0,"13":0,"14":0,"15":1,"16":1,"17":0,"18":0,"19":1},"f":{"0":1,"1":0},"b":{"0":[0,1],"1":[0,1]},"_coverageSchema":"1a1c01bbd47fc00a2c39e90264f33305004495a9","hash":"105c5296cea6f50eb9eb3316d1acc832fb8b9896"}
}
