TN:
SF:db.js
FNF:0
FNH:0
DA:2,2
DA:5,2
DA:8,2
DA:19,2
LF:4
LH:4
BRDA:14,0,0,0
BRDA:14,0,1,2
BRF:2
BRH:1
end_of_record
TN:
SF:index.js
FNF:0
FNH:0
DA:2,2
DA:5,2
DA:8,2
DA:12,2
DA:15,2
DA:18,2
LF:6
LH:6
BRF:0
BRH:0
end_of_record
TN:
SF:src/controllers/concursosController
FN:7,getConcursos
FNF:1
FNH:1
FNDA:4,getConcursos
DA:3,2
DA:8,4
DA:10,4
DA:14,4
DA:17,4
DA:20,0
DA:23,0
DA:28,2
LF:8
LH:6
BRF:0
BRH:0
end_of_record
TN:
SF:src/models/concursosModel.js
FN:6,findConcursosByCapacidades
FNF:1
FNH:1
FNDA:4,findConcursosByCapacidades
DA:3,2
DA:8,4
DA:9,4
DA:13,4
DA:14,4
DA:21,4
DA:25,4
DA:28,4
DA:32,2
LF:9
LH:9
BRDA:13,0,0,4
BRDA:13,0,1,0
BRDA:13,1,0,4
BRDA:13,1,1,4
BRF:4
BRH:3
end_of_record
TN:
SF:src/routes/concursosRoutes.js
FNF:0
FNH:0
DA:2,2
DA:5,2
DA:9,2
DA:13,2
DA:16,2
LF:5
LH:5
BRF:0
BRH:0
end_of_record
TN:
SF:src/services/concursosService.js
FN:6,buscarConcursos
FN:13,(anonymous_1)
FNF:2
FNH:2
FNDA:4,buscarConcursos
FNDA:4,(anonymous_1)
DA:3,2
DA:8,4
DA:12,4
DA:13,4
DA:18,4
DA:21,4
DA:25,2
LF:7
LH:7
BRDA:12,0,0,4
BRDA:12,0,1,0
BRF:2
BRH:1
end_of_record
